<?xml version="1.0" encoding="UTF-8"?>
<!-- Generated by org.testng.reporters.JUnitXMLReporter -->
<testsuite ignored="0" hostname="LAPTOP-7ETJRCIS" failures="1" tests="1" name="Test(failed)(failed)" time="9.275" errors="0" timestamp="2026-01-01T01:56:46 EST">
  <testcase classname="testCases.TC003_LoginDDT" name="verfiy_LoginDDT" time="2.677">
    <failure type="java.lang.AssertionError" message="expected [true] but found [false]">
      <![CDATA[java.lang.AssertionError: expected [true] but found [false]
at testCases.TC003_LoginDDT.verfiy_LoginDDT(TC003_LoginDDT.java:50)
at java.base/java.util.ArrayList.forEach(ArrayList.java:1596)
... Removed 29 stack frames]]>
    </failure>
  </testcase> <!-- verfiy_LoginDDT -->
</testsuite> <!-- Test(failed)(failed) -->
