<?xml version="1.0" encoding="UTF-8"?>
<!-- Generated by org.testng.reporters.JUnitXMLReporter -->
<testsuite ignored="0" hostname="LAPTOP-7ETJRCIS" failures="1" tests="1" name="Test(failed)" time="9.25" errors="0" timestamp="2025-12-31T20:48:16 EST">
  <testcase classname="testCases.TC003_LoginDDT" name="verfiy_LoginDDT" time="2.771">
    <failure type="java.lang.AssertionError" message="expected [true] but found [false]">
      <![CDATA[java.lang.AssertionError: expected [true] but found [false]
at testCases.TC003_LoginDDT.verfiy_LoginDDT(TC003_LoginDDT.java:50)
at java.base/java.util.ArrayList.forEach(ArrayList.java:1596)
... Removed 29 stack frames]]>
    </failure>
  </testcase> <!-- verfiy_LoginDDT -->
</testsuite> <!-- Test(failed) -->
